<?xml version="1.0" encoding="UTF-8"?>
<testng-results ignored="0" total="1" passed="1" failed="0" skipped="0">
  <reporter-output>
  </reporter-output>
  <suite started-at="2024-07-03T18:05:35 IST" name="Suite" finished-at="2024-07-03T18:05:54 IST" duration-ms="18403">
    <groups>
      <group name="Smoke">
        <method signature="RegisterationDP.verifyUserIsAbleToRegisterThroughDP(java.lang.String,java.lang.String,java.lang.String,java.lang.String)[pri:0, instance:com.demowebshop.tests.RegisterationDP@3c9754d8]" name="verifyUserIsAbleToRegisterThroughDP" class="com.demowebshop.tests.RegisterationDP"/>
      </group> <!-- Smoke -->
    </groups>
    <test started-at="2024-07-03T18:05:35 IST" name="Subscribe Test" finished-at="2024-07-03T18:05:35 IST" duration-ms="24">
    </test> <!-- Subscribe Test -->
    <test started-at="2024-07-03T18:05:35 IST" name="Login Test" finished-at="2024-07-03T18:05:35 IST" duration-ms="1">
    </test> <!-- Login Test -->
    <test started-at="2024-07-03T18:05:35 IST" name="Search Test" finished-at="2024-07-03T18:05:35 IST" duration-ms="2">
    </test> <!-- Search Test -->
    <test started-at="2024-07-03T18:05:35 IST" name="Registeration Test" finished-at="2024-07-03T18:05:35 IST" duration-ms="1">
    </test> <!-- Registeration Test -->
    <test started-at="2024-07-03T18:05:35 IST" name="Registeration Test DP" finished-at="2024-07-03T18:05:54 IST" duration-ms="18197">
      <class name="com.demowebshop.tests.RegisterationDP">
        <test-method is-config="true" signature="initializeDriver()[pri:0, instance:com.demowebshop.tests.RegisterationDP@3c9754d8]" started-at="2024-07-03T18:05:36 IST" name="initializeDriver" finished-at="2024-07-03T18:05:47 IST" duration-ms="11778" status="PASS">
          <reporter-output>
          </reporter-output>
        </test-method> <!-- initializeDriver -->
        <test-method signature="verifyUserIsAbleToRegisterThroughDP(java.lang.String,java.lang.String,java.lang.String,java.lang.String)[pri:0, instance:com.demowebshop.tests.RegisterationDP@3c9754d8]" started-at="2024-07-03T18:05:47 IST" name="verifyUserIsAbleToRegisterThroughDP" data-provider="getData" finished-at="2024-07-03T18:05:53 IST" duration-ms="5740" status="PASS">
          <params>
            <param index="0">
              <value>
                <![CDATA[Bruce]]>
              </value>
            </param>
            <param index="1">
              <value>
                <![CDATA[Beier]]>
              </value>
            </param>
            <param index="2">
              <value>
                <![CDATA[elene.schimmel@gmail.com]]>
              </value>
            </param>
            <param index="3">
              <value>
                <![CDATA[qgpl0gav]]>
              </value>
            </param>
          </params>
          <reporter-output>
          </reporter-output>
        </test-method> <!-- verifyUserIsAbleToRegisterThroughDP -->
        <test-method is-config="true" signature="tearDown()[pri:0, instance:com.demowebshop.tests.RegisterationDP@3c9754d8]" started-at="2024-07-03T18:05:53 IST" name="tearDown" finished-at="2024-07-03T18:05:53 IST" duration-ms="292" status="PASS">
          <reporter-output>
          </reporter-output>
        </test-method> <!-- tearDown -->
      </class> <!-- com.demowebshop.tests.RegisterationDP -->
    </test> <!-- Registeration Test DP -->
    <test started-at="2024-07-03T18:05:54 IST" name="Excel Registeration Test" finished-at="2024-07-03T18:05:54 IST" duration-ms="2">
    </test> <!-- Excel Registeration Test -->
    <test started-at="2024-07-03T18:05:54 IST" name="Purchase Test" finished-at="2024-07-03T18:05:54 IST" duration-ms="2">
    </test> <!-- Purchase Test -->
  </suite> <!-- Suite -->
</testng-results>
